<!DOCTYPE html>

<html>
  <head>
  <meta charset='utf-8'>
  <title>TestNG reports</title>

    <link type="text/css" href="testng-reports1.css" rel="stylesheet" id="ultra" />
    <link type="text/css" href="testng-reports.css" rel="stylesheet" id="retro" disabled="false"/>
    <script type="text/javascript" src="jquery-3.4.1.min.js"></script>
    <script type="text/javascript" src="testng-reports.js"></script>
    <script type="text/javascript" src="https://www.google.com/jsapi"></script>
    <script type='text/javascript'>
      google.load('visualization', '1', {packages:['table']});
      google.setOnLoadCallback(drawTable);
      var suiteTableInitFunctions = new Array();
      var suiteTableData = new Array();
    </script>
    <!--
      <script type="text/javascript" src="jquery-ui/js/jquery-ui-1.8.16.custom.min.js"></script>
     -->
  </head>

  <body>
    <div class="top-banner-root">
      <span class="top-banner-title-font">Test results</span>
      <button class="button" id="button">Switch Retro Theme</button> <!-- button -->
      <br/>
      <span class="top-banner-font-1">1 suite, 1 failed test</span>
    </div> <!-- top-banner-root -->
    <div class="navigator-root">
      <div class="navigator-suite-header">
        <span>All suites</span>
        <a href="#" class="collapse-all-link" title="Collapse/expand all the suites">
          <img class="collapse-all-icon" src="collapseall.gif">
          </img> <!-- collapse-all-icon -->
        </a> <!-- collapse-all-link -->
      </div> <!-- navigator-suite-header -->
      <div class="suite">
        <div class="rounded-window">
          <div class="suite-header light-rounded-window-top">
            <a href="#" class="navigator-link" panel-name="suite-Suite">
              <span class="suite-name border-failed">Suite</span>
            </a> <!-- navigator-link -->
          </div> <!-- suite-header light-rounded-window-top -->
          <div class="navigator-suite-content">
            <div class="suite-section-title">
              <span>Info</span>
            </div> <!-- suite-section-title -->
            <div class="suite-section-content">
              <ul>
                <li>
                  <a href="#" class="navigator-link " panel-name="test-xml-Suite">
<<<<<<< HEAD
                    <span>C:\Project\AWS-QA-Static-Scripts\mjunctionTestNGXML\INDENT\RDCIS\TG1_TC_Indent_02_Creation_with_multiple_Approvers.xml</span>
=======
                    <span>C:\Project\AWS-QA-Static-Scripts\mjunctionTestNGXML\Purchase Order\TC_EPS_PO_02UserDefinedApprovalTest.xml</span>
>>>>>>> 94c02cb56a03c648b9f2ca4ea3c8abe30066a468
                  </a> <!-- navigator-link  -->
                </li>
                <li>
                  <a href="#" class="navigator-link " panel-name="testlist-Suite">
                    <span class="test-stats">1 test</span>
                  </a> <!-- navigator-link  -->
                </li>
                <li>
                  <a href="#" class="navigator-link " panel-name="group-Suite">
                    <span>0 groups</span>
                  </a> <!-- navigator-link  -->
                </li>
                <li>
                  <a href="#" class="navigator-link " panel-name="times-Suite">
                    <span>Times</span>
                  </a> <!-- navigator-link  -->
                </li>
                <li>
                  <a href="#" class="navigator-link " panel-name="reporter-Suite">
                    <span>Reporter output</span>
                  </a> <!-- navigator-link  -->
                </li>
                <li>
                  <a href="#" class="navigator-link " panel-name="ignored-methods-Suite">
                    <span>Ignored methods</span>
                  </a> <!-- navigator-link  -->
                </li>
                <li>
                  <a href="#" class="navigator-link " panel-name="chronological-Suite">
                    <span>Chronological view</span>
                  </a> <!-- navigator-link  -->
                </li>
              </ul>
            </div> <!-- suite-section-content -->
            <div class="result-section">
              <div class="suite-section-title">
                <span>Results</span>
              </div> <!-- suite-section-title -->
              <div class="suite-section-content">
                <ul>
                  <li>
                    <span class="method-stats">1 method, 1 failed,   </span>
                  </li>
                  <li>
                    <span class="method-list-title failed">Failed methods</span>
                    <span class="show-or-hide-methods failed">
                      <a href="#" panel-name="suite-Suite" class="hide-methods failed suite-Suite"> (hide)</a> <!-- hide-methods failed suite-Suite -->
                      <a href="#" panel-name="suite-Suite" class="show-methods failed suite-Suite"> (show)</a> <!-- show-methods failed suite-Suite -->
                    </span>
                    <div class="method-list-content failed suite-Suite">
                      <span>
                        <img width="3%" src="failed.png"/>
<<<<<<< HEAD
                        <a href="#" class="method navigator-link" panel-name="suite-Suite" title="com.testScripts_mjunction.TG1_TC_Indent_02_Creation_with_multiple_Approvers" hash-for-method="Indent_creation_with_approval(18)">Indent_creation_with_approval(18)</a> <!-- method navigator-link -->
=======
                        <a href="#" class="method navigator-link" panel-name="suite-Suite" title="com.testScripts_mjunction.TC_EPS_PO_02UserDefinedApprovalTest" hash-for-method="f(29)">f(29)</a> <!-- method navigator-link -->
>>>>>>> 94c02cb56a03c648b9f2ca4ea3c8abe30066a468
                      </span>
                      <br/>
                    </div> <!-- method-list-content failed suite-Suite -->
                  </li>
                </ul>
              </div> <!-- suite-section-content -->
            </div> <!-- result-section -->
          </div> <!-- navigator-suite-content -->
        </div> <!-- rounded-window -->
      </div> <!-- suite -->
    </div> <!-- navigator-root -->
    <div class="wrapper">
      <div class="main-panel-root">
        <div panel-name="suite-Suite" class="panel Suite">
          <div class="suite-Suite-class-failed">
            <div class="main-panel-header rounded-window-top">
              <img src="failed.png"/>
<<<<<<< HEAD
              <span class="class-name">com.testScripts_mjunction.TG1_TC_Indent_02_Creation_with_multiple_Approvers</span>
=======
              <span class="class-name">com.testScripts_mjunction.TC_EPS_PO_02UserDefinedApprovalTest</span>
>>>>>>> 94c02cb56a03c648b9f2ca4ea3c8abe30066a468
            </div> <!-- main-panel-header rounded-window-top -->
            <div class="main-panel-content rounded-window-bottom">
              <div class="method">
                <div class="method-content">
<<<<<<< HEAD
                  <a name="Indent_creation_with_approval(18)">
                  </a> <!-- Indent_creation_with_approval(18) -->
                  <span class="method-name">Indent_creation_with_approval</span>
                  <span class="parameters">(18)</span>
                  <div class="stack-trace">java.lang.AssertionError: Error Message : Unable to click on the field : no such element: Unable to locate element: {&quot;method&quot;:&quot;xpath&quot;,&quot;selector&quot;:&quot;//button[contains(text(),&apos;Forward to Next Person&apos;)]&quot;}
  (Session info: chrome=120.0.6099.225)
For documentation on this error, please visit: https://www.seleniumhq.org/exceptions/no_such_element.html
Build info: version: &apos;3.141.59&apos;, revision: &apos;e82be7d358&apos;, time: &apos;2018-11-14T08:17:03&apos;
System info: host: &apos;MJLT-2170&apos;, ip: &apos;172.16.16.139&apos;, os.name: &apos;Windows 10&apos;, os.arch: &apos;amd64&apos;, os.version: &apos;10.0&apos;, java.version: &apos;1.8.0_192&apos;
Driver info: org.openqa.selenium.chrome.ChromeDriver
Capabilities {acceptInsecureCerts: false, browserName: chrome, browserVersion: 120.0.6099.225, chrome: {chromedriverVersion: 119.0.6045.105 (38c72552c5e..., userDataDir: C:\Users\PAVEL~1.BAI\AppDat...}, fedcm:accounts: true, goog:chromeOptions: {debuggerAddress: localhost:52917}, javascriptEnabled: true, networkConnectionEnabled: false, pageLoadStrategy: normal, platform: WINDOWS, platformName: WINDOWS, proxy: Proxy(), setWindowRect: true, strictFileInteractability: false, timeouts: {implicit: 0, pageLoad: 300000, script: 30000}, unhandledPromptBehavior: dismiss and notify, webauthn:extension:credBlob: true, webauthn:extension:largeBlob: true, webauthn:extension:minPinLength: true, webauthn:extension:prf: true, webauthn:virtualAuthenticators: true}
Session ID: 877d19e37564cead7bfd2923555dc32f
*** Element info: {Using=xpath, value=//button[contains(text(),&apos;Forward to Next Person&apos;)]}
	at com.baseClasses.AutomationException.&lt;init&gt;(AutomationException.java:11)
	at com.baseClasses.BaseClass_Web.click(BaseClass_Web.java:92)
	at com.components.RfqFromIndentComponent.Forward_IndentWF_With_Single_SequentialApprovalType(RfqFromIndentComponent.java:2815)
	at com.testScripts_mjunction.TG1_TC_Indent_02_Creation_with_multiple_Approvers.Indent_creation_with_approval(TG1_TC_Indent_02_Creation_with_multiple_Approvers.java:244)
=======
                  <a name="f(29)">
                  </a> <!-- f(29) -->
                  <span class="method-name">f</span>
                  <span class="parameters">(29)</span>
                  <div class="stack-trace">java.lang.AssertionError: Error Message : Unable to click on the field : element click intercepted: Element &lt;li _ngcontent-fav-c106=&quot;&quot;&gt;...&lt;/li&gt; is not clickable at point (1227, 124). Other element would receive the click: &lt;div class=&quot;cdk-overlay-backdrop cdk-overlay-dark-backdrop cdk-overlay-backdrop-showing&quot;&gt;&lt;/div&gt;
  (Session info: chrome=121.0.6167.140)
Build info: version: &apos;3.141.59&apos;, revision: &apos;e82be7d358&apos;, time: &apos;2018-11-14T08:17:03&apos;
System info: host: &apos;MJLT-1563&apos;, ip: &apos;172.16.19.202&apos;, os.name: &apos;Windows 10&apos;, os.arch: &apos;amd64&apos;, os.version: &apos;10.0&apos;, java.version: &apos;1.8.0_351&apos;
Driver info: org.openqa.selenium.chrome.ChromeDriver
Capabilities {acceptInsecureCerts: false, browserName: chrome, browserVersion: 121.0.6167.140, chrome: {chromedriverVersion: 121.0.6167.85 (3f98d690ad7e..., userDataDir: C:\Users\ARKA~1.DEY\AppData...}, fedcm:accounts: true, goog:chromeOptions: {debuggerAddress: localhost:63621}, javascriptEnabled: true, networkConnectionEnabled: false, pageLoadStrategy: normal, platform: WINDOWS, platformName: WINDOWS, proxy: Proxy(), setWindowRect: true, strictFileInteractability: false, timeouts: {implicit: 0, pageLoad: 300000, script: 30000}, unhandledPromptBehavior: dismiss and notify, webauthn:extension:credBlob: true, webauthn:extension:largeBlob: true, webauthn:extension:minPinLength: true, webauthn:extension:prf: true, webauthn:virtualAuthenticators: true}
Session ID: aac6060d313ff73cc3f088c0fbca50f9
	at com.baseClasses.AutomationException.&lt;init&gt;(AutomationException.java:11)
	at com.baseClasses.BaseClass_Web.click(BaseClass_Web.java:90)
	at com.components.eTenderComponent.tenderLogout(eTenderComponent.java:1179)
	at com.testScripts_mjunction.TC_EPS_PO_02UserDefinedApprovalTest.f(TC_EPS_PO_02UserDefinedApprovalTest.java:68)
>>>>>>> 94c02cb56a03c648b9f2ca4ea3c8abe30066a468
	at java.util.ArrayList.forEach(Unknown Source)
... Removed 27 stack frames
</div> <!-- stack-trace -->
                  <em>
<<<<<<< HEAD
(Indent_creation_with_approval)                  </em>
=======
(Scenario:2 - Verify the functionality of End to End workflow of 'PO from Sanction note' with approval type 'User defined')                  </em>
>>>>>>> 94c02cb56a03c648b9f2ca4ea3c8abe30066a468
                </div> <!-- method-content -->
              </div> <!-- method -->
            </div> <!-- main-panel-content rounded-window-bottom -->
          </div> <!-- suite-Suite-class-failed -->
        </div> <!-- panel Suite -->
        <div panel-name="test-xml-Suite" class="panel">
          <div class="main-panel-header rounded-window-top">
<<<<<<< HEAD
            <span class="header-content">C:\Project\AWS-QA-Static-Scripts\mjunctionTestNGXML\INDENT\RDCIS\TG1_TC_Indent_02_Creation_with_multiple_Approvers.xml</span>
=======
            <span class="header-content">C:\Project\AWS-QA-Static-Scripts\mjunctionTestNGXML\Purchase Order\TC_EPS_PO_02UserDefinedApprovalTest.xml</span>
>>>>>>> 94c02cb56a03c648b9f2ca4ea3c8abe30066a468
          </div> <!-- main-panel-header rounded-window-top -->
          <div class="main-panel-content rounded-window-bottom">
            <pre>
&lt;?xml version=&quot;1.0&quot; encoding=&quot;UTF-8&quot;?&gt;
&lt;!DOCTYPE suite SYSTEM &quot;https://testng.org/testng-1.0.dtd&quot;&gt;
&lt;suite name=&quot;Suite&quot;&gt;
  &lt;listeners&gt;
    &lt;listener class-name=&quot;com.baseClasses.Listener&quot;/&gt;
  &lt;/listeners&gt;
  &lt;test thread-count=&quot;5&quot; name=&quot;Test&quot;&gt;
    &lt;parameter name=&quot;browserName&quot; value=&quot;windowschrome&quot;/&gt;
<<<<<<< HEAD
    &lt;parameter name=&quot;TestcaseNo&quot; value=&quot;18&quot;/&gt;
    &lt;classes&gt;
      &lt;class name=&quot;com.testScripts_mjunction.TG1_TC_Indent_02_Creation_with_multiple_Approvers&quot;/&gt;
=======
    &lt;parameter name=&quot;TestcaseNo&quot; value=&quot;29&quot;/&gt;
    &lt;classes&gt;
      &lt;class name=&quot;com.testScripts_mjunction.TC_EPS_PO_02UserDefinedApprovalTest&quot;/&gt;
>>>>>>> 94c02cb56a03c648b9f2ca4ea3c8abe30066a468
    &lt;/classes&gt;
  &lt;/test&gt; &lt;!-- Test --&gt;
&lt;/suite&gt; &lt;!-- Suite --&gt;
            </pre>
          </div> <!-- main-panel-content rounded-window-bottom -->
        </div> <!-- panel -->
        <div panel-name="testlist-Suite" class="panel">
          <div class="main-panel-header rounded-window-top">
            <span class="header-content">Tests for Suite</span>
          </div> <!-- main-panel-header rounded-window-top -->
          <div class="main-panel-content rounded-window-bottom">
            <ul>
              <li>
                <span class="test-name">Test (1 class)</span>
              </li>
            </ul>
          </div> <!-- main-panel-content rounded-window-bottom -->
        </div> <!-- panel -->
        <div panel-name="group-Suite" class="panel">
          <div class="main-panel-header rounded-window-top">
            <span class="header-content">Groups for Suite</span>
          </div> <!-- main-panel-header rounded-window-top -->
          <div class="main-panel-content rounded-window-bottom">
          </div> <!-- main-panel-content rounded-window-bottom -->
        </div> <!-- panel -->
        <div panel-name="times-Suite" class="panel">
          <div class="main-panel-header rounded-window-top">
            <span class="header-content">Times for Suite</span>
          </div> <!-- main-panel-header rounded-window-top -->
          <div class="main-panel-content rounded-window-bottom">
            <div class="times-div">
              <script type="text/javascript">
suiteTableInitFunctions.push('tableData_Suite');
function tableData_Suite() {
var data = new google.visualization.DataTable();
data.addColumn('number', 'Number');
data.addColumn('string', 'Method');
data.addColumn('string', 'Class');
data.addColumn('number', 'Time (ms)');
data.addRows(1);
data.setCell(0, 0, 0)
<<<<<<< HEAD
data.setCell(0, 1, 'Indent_creation_with_approval')
data.setCell(0, 2, 'com.testScripts_mjunction.TG1_TC_Indent_02_Creation_with_multiple_Approvers')
data.setCell(0, 3, 2493529);
=======
data.setCell(0, 1, 'f')
data.setCell(0, 2, 'com.testScripts_mjunction.TC_EPS_PO_02UserDefinedApprovalTest')
data.setCell(0, 3, 303306);
>>>>>>> 94c02cb56a03c648b9f2ca4ea3c8abe30066a468
window.suiteTableData['Suite']= { tableData: data, tableDiv: 'times-div-Suite'}
return data;
}
              </script>
<<<<<<< HEAD
              <span class="suite-total-time">Total running time: 41 minutes</span>
=======
              <span class="suite-total-time">Total running time: 5 minutes</span>
>>>>>>> 94c02cb56a03c648b9f2ca4ea3c8abe30066a468
              <div id="times-div-Suite">
              </div> <!-- times-div-Suite -->
            </div> <!-- times-div -->
          </div> <!-- main-panel-content rounded-window-bottom -->
        </div> <!-- panel -->
        <div panel-name="reporter-Suite" class="panel">
          <div class="main-panel-header rounded-window-top">
            <span class="header-content">Reporter output for Suite</span>
          </div> <!-- main-panel-header rounded-window-top -->
          <div class="main-panel-content rounded-window-bottom">
          </div> <!-- main-panel-content rounded-window-bottom -->
        </div> <!-- panel -->
        <div panel-name="ignored-methods-Suite" class="panel">
          <div class="main-panel-header rounded-window-top">
            <span class="header-content">0 ignored methods</span>
          </div> <!-- main-panel-header rounded-window-top -->
          <div class="main-panel-content rounded-window-bottom">
          </div> <!-- main-panel-content rounded-window-bottom -->
        </div> <!-- panel -->
        <div panel-name="chronological-Suite" class="panel">
          <div class="main-panel-header rounded-window-top">
            <span class="header-content">Methods in chronological order</span>
          </div> <!-- main-panel-header rounded-window-top -->
          <div class="main-panel-content rounded-window-bottom">
            <div class="chronological-class">
<<<<<<< HEAD
              <div class="chronological-class-name">com.testScripts_mjunction.TG1_TC_Indent_02_Creation_with_multiple_Approvers</div> <!-- chronological-class-name -->
=======
              <div class="chronological-class-name">com.testScripts_mjunction.TC_EPS_PO_02UserDefinedApprovalTest</div> <!-- chronological-class-name -->
>>>>>>> 94c02cb56a03c648b9f2ca4ea3c8abe30066a468
              <div class="configuration-suite before">
                <span class="method-name">setUpSuiteDetails(org.testng.TestRunner@4aed4ff)</span>
                <span class="method-start">0 ms</span>
              </div> <!-- configuration-suite before -->
              <div class="configuration-class before">
                <span class="method-name">BeforeClass</span>
<<<<<<< HEAD
                <span class="method-start">156 ms</span>
              </div> <!-- configuration-class before -->
              <div class="configuration-method before">
                <span class="method-name">captureDesc(public void com.testScripts_mjunction.TG1_TC_Indent_02_Creation_with_multiple_Approvers.Indent_creat...)</span>
                <span class="method-start">3186 ms</span>
=======
                <span class="method-start">419 ms</span>
              </div> <!-- configuration-class before -->
              <div class="test-method">
                <img src="failed.png">
                </img>
                <span class="method-name">f(29)</span>
                <span class="method-start">3475 ms</span>
              </div> <!-- test-method -->
              <div class="configuration-method before">
                <span class="method-name">captureDesc(public void com.testScripts_mjunction.TC_EPS_PO_02UserDefinedApprovalTest.f(java.lang.String) throws...)</span>
                <span class="method-start">3475 ms</span>
>>>>>>> 94c02cb56a03c648b9f2ca4ea3c8abe30066a468
              </div> <!-- configuration-method before -->
              <div class="test-method">
                <img src="failed.png">
                </img>
                <span class="method-name">Indent_creation_with_approval(18)</span>
                <span class="method-start">3186 ms</span>
              </div> <!-- test-method -->
              <div class="configuration-class after">
                <span class="method-name">afterClass</span>
<<<<<<< HEAD
                <span class="method-start">2500032 ms</span>
              </div> <!-- configuration-class after -->
              <div class="configuration-suite after">
                <span class="method-name">afterSuite</span>
                <span class="method-start">2533367 ms</span>
=======
                <span class="method-start">310486 ms</span>
              </div> <!-- configuration-class after -->
              <div class="configuration-suite after">
                <span class="method-name">afterSuite</span>
                <span class="method-start">319080 ms</span>
>>>>>>> 94c02cb56a03c648b9f2ca4ea3c8abe30066a468
              </div> <!-- configuration-suite after -->
          </div> <!-- main-panel-content rounded-window-bottom -->
        </div> <!-- panel -->
      </div> <!-- main-panel-root -->
    </div> <!-- wrapper -->
  </body>
<script type="text/javascript" src="testng-reports2.js"></script>
</html>
