<?xml version="1.0" encoding="UTF-8"?>
<testng-results skipped="0" failed="1" ignored="0" total="1" passed="0">
  <reporter-output>
  </reporter-output>
<<<<<<< HEAD
  <suite name="Suite" duration-ms="2533157" started-at="2024-01-30T14:48:31 IST" finished-at="2024-01-30T15:30:45 IST">
    <groups>
    </groups>
    <test name="Test" duration-ms="2533157" started-at="2024-01-30T14:48:31 IST" finished-at="2024-01-30T15:30:45 IST">
      <class name="com.testScripts_mjunction.TG1_TC_Indent_02_Creation_with_multiple_Approvers">
        <test-method status="PASS" signature="setUpSuiteDetails(org.testng.ITestContext)[pri:0, instance:com.testScripts_mjunction.TG1_TC_Indent_02_Creation_with_multiple_Approvers@543788f3]" name="setUpSuiteDetails" is-config="true" duration-ms="139" started-at="2024-01-30T14:48:31 IST" finished-at="2024-01-30T14:48:31 IST">
=======
  <suite name="Suite" duration-ms="318614" started-at="2024-02-05T12:01:11 IST" finished-at="2024-02-05T12:06:30 IST">
    <groups>
    </groups>
    <test name="Test" duration-ms="318614" started-at="2024-02-05T12:01:11 IST" finished-at="2024-02-05T12:06:30 IST">
      <class name="com.testScripts_mjunction.TC_EPS_PO_02UserDefinedApprovalTest">
        <test-method status="PASS" signature="setUpSuiteDetails(org.testng.ITestContext)[pri:0, instance:com.testScripts_mjunction.TC_EPS_PO_02UserDefinedApprovalTest@667a738]" name="setUpSuiteDetails" is-config="true" duration-ms="388" started-at="2024-02-05T12:01:11 IST" finished-at="2024-02-05T12:01:11 IST">
>>>>>>> 94c02cb56a03c648b9f2ca4ea3c8abe30066a468
          <params>
            <param index="0">
              <value>
                <![CDATA[org.testng.TestRunner@4aed4ff]]>
              </value>
            </param>
          </params>
          <reporter-output>
          </reporter-output>
        </test-method> <!-- setUpSuiteDetails -->
<<<<<<< HEAD
        <test-method status="PASS" signature="BeforeClass()[pri:0, instance:com.testScripts_mjunction.TG1_TC_Indent_02_Creation_with_multiple_Approvers@543788f3]" name="BeforeClass" is-config="true" duration-ms="3030" started-at="2024-01-30T14:48:31 IST" finished-at="2024-01-30T14:48:35 IST">
          <reporter-output>
          </reporter-output>
        </test-method> <!-- BeforeClass -->
        <test-method status="FAIL" signature="Indent_creation_with_approval(java.lang.String)[pri:0, instance:com.testScripts_mjunction.TG1_TC_Indent_02_Creation_with_multiple_Approvers@543788f3]" name="Indent_creation_with_approval" duration-ms="2493529" started-at="2024-01-30T14:48:35 IST" description="Indent_creation_with_approval" finished-at="2024-01-30T15:30:08 IST">
          <params>
            <param index="0">
              <value>
                <![CDATA[18]]>
=======
        <test-method status="PASS" signature="BeforeClass()[pri:0, instance:com.testScripts_mjunction.TC_EPS_PO_02UserDefinedApprovalTest@667a738]" name="BeforeClass" is-config="true" duration-ms="3041" started-at="2024-02-05T12:01:11 IST" finished-at="2024-02-05T12:01:14 IST">
          <reporter-output>
          </reporter-output>
        </test-method> <!-- BeforeClass -->
        <test-method status="FAIL" signature="f(java.lang.String)[pri:0, instance:com.testScripts_mjunction.TC_EPS_PO_02UserDefinedApprovalTest@667a738]" name="f" duration-ms="303306" started-at="2024-02-05T12:01:14 IST" description="Scenario:2 - Verify the functionality of End to End workflow of &#039;PO from Sanction note&#039; with approval type &#039;User defined&#039;" finished-at="2024-02-05T12:06:18 IST">
          <params>
            <param index="0">
              <value>
                <![CDATA[29]]>
>>>>>>> 94c02cb56a03c648b9f2ca4ea3c8abe30066a468
              </value>
            </param>
          </params>
          <exception class="java.lang.AssertionError">
            <message>
<<<<<<< HEAD
              <![CDATA[Error Message : Unable to click on the field : no such element: Unable to locate element: {"method":"xpath","selector":"//button[contains(text(),'Forward to Next Person')]"}
  (Session info: chrome=120.0.6099.225)
For documentation on this error, please visit: https://www.seleniumhq.org/exceptions/no_such_element.html
Build info: version: '3.141.59', revision: 'e82be7d358', time: '2018-11-14T08:17:03'
System info: host: 'MJLT-2170', ip: '172.16.16.139', os.name: 'Windows 10', os.arch: 'amd64', os.version: '10.0', java.version: '1.8.0_192'
Driver info: org.openqa.selenium.chrome.ChromeDriver
Capabilities {acceptInsecureCerts: false, browserName: chrome, browserVersion: 120.0.6099.225, chrome: {chromedriverVersion: 119.0.6045.105 (38c72552c5e..., userDataDir: C:\Users\PAVEL~1.BAI\AppDat...}, fedcm:accounts: true, goog:chromeOptions: {debuggerAddress: localhost:52917}, javascriptEnabled: true, networkConnectionEnabled: false, pageLoadStrategy: normal, platform: WINDOWS, platformName: WINDOWS, proxy: Proxy(), setWindowRect: true, strictFileInteractability: false, timeouts: {implicit: 0, pageLoad: 300000, script: 30000}, unhandledPromptBehavior: dismiss and notify, webauthn:extension:credBlob: true, webauthn:extension:largeBlob: true, webauthn:extension:minPinLength: true, webauthn:extension:prf: true, webauthn:virtualAuthenticators: true}
Session ID: 877d19e37564cead7bfd2923555dc32f
*** Element info: {Using=xpath, value=//button[contains(text(),'Forward to Next Person')]}]]>
            </message>
            <full-stacktrace>
              <![CDATA[java.lang.AssertionError: Error Message : Unable to click on the field : no such element: Unable to locate element: {"method":"xpath","selector":"//button[contains(text(),'Forward to Next Person')]"}
  (Session info: chrome=120.0.6099.225)
For documentation on this error, please visit: https://www.seleniumhq.org/exceptions/no_such_element.html
Build info: version: '3.141.59', revision: 'e82be7d358', time: '2018-11-14T08:17:03'
System info: host: 'MJLT-2170', ip: '172.16.16.139', os.name: 'Windows 10', os.arch: 'amd64', os.version: '10.0', java.version: '1.8.0_192'
Driver info: org.openqa.selenium.chrome.ChromeDriver
Capabilities {acceptInsecureCerts: false, browserName: chrome, browserVersion: 120.0.6099.225, chrome: {chromedriverVersion: 119.0.6045.105 (38c72552c5e..., userDataDir: C:\Users\PAVEL~1.BAI\AppDat...}, fedcm:accounts: true, goog:chromeOptions: {debuggerAddress: localhost:52917}, javascriptEnabled: true, networkConnectionEnabled: false, pageLoadStrategy: normal, platform: WINDOWS, platformName: WINDOWS, proxy: Proxy(), setWindowRect: true, strictFileInteractability: false, timeouts: {implicit: 0, pageLoad: 300000, script: 30000}, unhandledPromptBehavior: dismiss and notify, webauthn:extension:credBlob: true, webauthn:extension:largeBlob: true, webauthn:extension:minPinLength: true, webauthn:extension:prf: true, webauthn:virtualAuthenticators: true}
Session ID: 877d19e37564cead7bfd2923555dc32f
*** Element info: {Using=xpath, value=//button[contains(text(),'Forward to Next Person')]}
at com.baseClasses.AutomationException.<init>(AutomationException.java:11)
at com.baseClasses.BaseClass_Web.click(BaseClass_Web.java:92)
at com.components.RfqFromIndentComponent.Forward_IndentWF_With_Single_SequentialApprovalType(RfqFromIndentComponent.java:2815)
at com.testScripts_mjunction.TG1_TC_Indent_02_Creation_with_multiple_Approvers.Indent_creation_with_approval(TG1_TC_Indent_02_Creation_with_multiple_Approvers.java:244)
=======
              <![CDATA[Error Message : Unable to click on the field : element click intercepted: Element <li _ngcontent-fav-c106="">...</li> is not clickable at point (1227, 124). Other element would receive the click: <div class="cdk-overlay-backdrop cdk-overlay-dark-backdrop cdk-overlay-backdrop-showing"></div>
  (Session info: chrome=121.0.6167.140)
Build info: version: '3.141.59', revision: 'e82be7d358', time: '2018-11-14T08:17:03'
System info: host: 'MJLT-1563', ip: '172.16.19.202', os.name: 'Windows 10', os.arch: 'amd64', os.version: '10.0', java.version: '1.8.0_351'
Driver info: org.openqa.selenium.chrome.ChromeDriver
Capabilities {acceptInsecureCerts: false, browserName: chrome, browserVersion: 121.0.6167.140, chrome: {chromedriverVersion: 121.0.6167.85 (3f98d690ad7e..., userDataDir: C:\Users\ARKA~1.DEY\AppData...}, fedcm:accounts: true, goog:chromeOptions: {debuggerAddress: localhost:63621}, javascriptEnabled: true, networkConnectionEnabled: false, pageLoadStrategy: normal, platform: WINDOWS, platformName: WINDOWS, proxy: Proxy(), setWindowRect: true, strictFileInteractability: false, timeouts: {implicit: 0, pageLoad: 300000, script: 30000}, unhandledPromptBehavior: dismiss and notify, webauthn:extension:credBlob: true, webauthn:extension:largeBlob: true, webauthn:extension:minPinLength: true, webauthn:extension:prf: true, webauthn:virtualAuthenticators: true}
Session ID: aac6060d313ff73cc3f088c0fbca50f9]]>
            </message>
            <full-stacktrace>
              <![CDATA[java.lang.AssertionError: Error Message : Unable to click on the field : element click intercepted: Element <li _ngcontent-fav-c106="">...</li> is not clickable at point (1227, 124). Other element would receive the click: <div class="cdk-overlay-backdrop cdk-overlay-dark-backdrop cdk-overlay-backdrop-showing"></div>
  (Session info: chrome=121.0.6167.140)
Build info: version: '3.141.59', revision: 'e82be7d358', time: '2018-11-14T08:17:03'
System info: host: 'MJLT-1563', ip: '172.16.19.202', os.name: 'Windows 10', os.arch: 'amd64', os.version: '10.0', java.version: '1.8.0_351'
Driver info: org.openqa.selenium.chrome.ChromeDriver
Capabilities {acceptInsecureCerts: false, browserName: chrome, browserVersion: 121.0.6167.140, chrome: {chromedriverVersion: 121.0.6167.85 (3f98d690ad7e..., userDataDir: C:\Users\ARKA~1.DEY\AppData...}, fedcm:accounts: true, goog:chromeOptions: {debuggerAddress: localhost:63621}, javascriptEnabled: true, networkConnectionEnabled: false, pageLoadStrategy: normal, platform: WINDOWS, platformName: WINDOWS, proxy: Proxy(), setWindowRect: true, strictFileInteractability: false, timeouts: {implicit: 0, pageLoad: 300000, script: 30000}, unhandledPromptBehavior: dismiss and notify, webauthn:extension:credBlob: true, webauthn:extension:largeBlob: true, webauthn:extension:minPinLength: true, webauthn:extension:prf: true, webauthn:virtualAuthenticators: true}
Session ID: aac6060d313ff73cc3f088c0fbca50f9
at com.baseClasses.AutomationException.<init>(AutomationException.java:11)
at com.baseClasses.BaseClass_Web.click(BaseClass_Web.java:90)
at com.components.eTenderComponent.tenderLogout(eTenderComponent.java:1179)
at com.testScripts_mjunction.TC_EPS_PO_02UserDefinedApprovalTest.f(TC_EPS_PO_02UserDefinedApprovalTest.java:68)
>>>>>>> 94c02cb56a03c648b9f2ca4ea3c8abe30066a468
at sun.reflect.NativeMethodAccessorImpl.invoke0(Native Method)
at sun.reflect.NativeMethodAccessorImpl.invoke(Unknown Source)
at sun.reflect.DelegatingMethodAccessorImpl.invoke(Unknown Source)
at java.lang.reflect.Method.invoke(Unknown Source)
<<<<<<< HEAD
at org.testng.internal.MethodInvocationHelper.invokeMethod(MethodInvocationHelper.java:132)
at org.testng.internal.TestInvoker.invokeMethod(TestInvoker.java:599)
at org.testng.internal.TestInvoker.invokeTestMethod(TestInvoker.java:174)
at org.testng.internal.MethodRunner.runInSequence(MethodRunner.java:46)
at org.testng.internal.TestInvoker$MethodInvocationAgent.invoke(TestInvoker.java:822)
at org.testng.internal.TestInvoker.invokeTestMethods(TestInvoker.java:147)
at org.testng.internal.TestMethodWorker.invokeTestMethods(TestMethodWorker.java:146)
at org.testng.internal.TestMethodWorker.run(TestMethodWorker.java:128)
at java.util.ArrayList.forEach(Unknown Source)
at org.testng.TestRunner.privateRun(TestRunner.java:764)
at org.testng.TestRunner.run(TestRunner.java:585)
at org.testng.SuiteRunner.runTest(SuiteRunner.java:384)
at org.testng.SuiteRunner.runSequentially(SuiteRunner.java:378)
at org.testng.SuiteRunner.privateRun(SuiteRunner.java:337)
at org.testng.SuiteRunner.run(SuiteRunner.java:286)
at org.testng.SuiteRunnerWorker.runSuite(SuiteRunnerWorker.java:53)
at org.testng.SuiteRunnerWorker.run(SuiteRunnerWorker.java:96)
at org.testng.TestNG.runSuitesSequentially(TestNG.java:1218)
at org.testng.TestNG.runSuitesLocally(TestNG.java:1140)
at org.testng.TestNG.runSuites(TestNG.java:1069)
at org.testng.TestNG.run(TestNG.java:1037)
=======
at org.testng.internal.MethodInvocationHelper.invokeMethod(MethodInvocationHelper.java:133)
at org.testng.internal.TestInvoker.invokeMethod(TestInvoker.java:598)
at org.testng.internal.TestInvoker.invokeTestMethod(TestInvoker.java:173)
at org.testng.internal.MethodRunner.runInSequence(MethodRunner.java:46)
at org.testng.internal.TestInvoker$MethodInvocationAgent.invoke(TestInvoker.java:824)
at org.testng.internal.TestInvoker.invokeTestMethods(TestInvoker.java:146)
at org.testng.internal.TestMethodWorker.invokeTestMethods(TestMethodWorker.java:146)
at org.testng.internal.TestMethodWorker.run(TestMethodWorker.java:128)
at java.util.ArrayList.forEach(Unknown Source)
at org.testng.TestRunner.privateRun(TestRunner.java:794)
at org.testng.TestRunner.run(TestRunner.java:596)
at org.testng.SuiteRunner.runTest(SuiteRunner.java:377)
at org.testng.SuiteRunner.runSequentially(SuiteRunner.java:371)
at org.testng.SuiteRunner.privateRun(SuiteRunner.java:332)
at org.testng.SuiteRunner.run(SuiteRunner.java:276)
at org.testng.SuiteRunnerWorker.runSuite(SuiteRunnerWorker.java:53)
at org.testng.SuiteRunnerWorker.run(SuiteRunnerWorker.java:96)
at org.testng.TestNG.runSuitesSequentially(TestNG.java:1212)
at org.testng.TestNG.runSuitesLocally(TestNG.java:1134)
at org.testng.TestNG.runSuites(TestNG.java:1063)
at org.testng.TestNG.run(TestNG.java:1031)
>>>>>>> 94c02cb56a03c648b9f2ca4ea3c8abe30066a468
at org.testng.remote.AbstractRemoteTestNG.run(AbstractRemoteTestNG.java:115)
at org.testng.remote.RemoteTestNG.initAndRun(RemoteTestNG.java:251)
at org.testng.remote.RemoteTestNG.main(RemoteTestNG.java:77)
]]>
            </full-stacktrace>
          </exception> <!-- java.lang.AssertionError -->
          <reporter-output>
          </reporter-output>
<<<<<<< HEAD
        </test-method> <!-- Indent_creation_with_approval -->
        <test-method status="PASS" signature="captureDesc(java.lang.reflect.Method)[pri:0, instance:com.testScripts_mjunction.TG1_TC_Indent_02_Creation_with_multiple_Approvers@543788f3]" name="captureDesc" is-config="true" duration-ms="0" started-at="2024-01-30T14:48:35 IST" finished-at="2024-01-30T14:48:35 IST">
          <params>
            <param index="0">
              <value>
                <![CDATA[public void com.testScripts_mjunction.TG1_TC_Indent_02_Creation_with_multiple_Approvers.Indent_creation_with_approval(java.lang.String) throws java.lang.Throwable]]>
=======
        </test-method> <!-- f -->
        <test-method status="PASS" signature="captureDesc(java.lang.reflect.Method)[pri:0, instance:com.testScripts_mjunction.TC_EPS_PO_02UserDefinedApprovalTest@667a738]" name="captureDesc" is-config="true" duration-ms="0" started-at="2024-02-05T12:01:14 IST" finished-at="2024-02-05T12:01:14 IST">
          <params>
            <param index="0">
              <value>
                <![CDATA[public void com.testScripts_mjunction.TC_EPS_PO_02UserDefinedApprovalTest.f(java.lang.String) throws java.lang.Throwable]]>
>>>>>>> 94c02cb56a03c648b9f2ca4ea3c8abe30066a468
              </value>
            </param>
          </params>
          <reporter-output>
          </reporter-output>
        </test-method> <!-- captureDesc -->
<<<<<<< HEAD
        <test-method status="PASS" signature="afterClass()[pri:0, instance:com.testScripts_mjunction.TG1_TC_Indent_02_Creation_with_multiple_Approvers@543788f3]" name="afterClass" is-config="true" duration-ms="33264" started-at="2024-01-30T15:30:11 IST" finished-at="2024-01-30T15:30:45 IST">
          <reporter-output>
          </reporter-output>
        </test-method> <!-- afterClass -->
        <test-method status="PASS" signature="afterSuite()[pri:0, instance:com.testScripts_mjunction.TG1_TC_Indent_02_Creation_with_multiple_Approvers@543788f3]" name="afterSuite" is-config="true" duration-ms="57" started-at="2024-01-30T15:30:45 IST" finished-at="2024-01-30T15:30:45 IST">
          <reporter-output>
          </reporter-output>
        </test-method> <!-- afterSuite -->
      </class> <!-- com.testScripts_mjunction.TG1_TC_Indent_02_Creation_with_multiple_Approvers -->
=======
        <test-method status="PASS" signature="afterClass()[pri:0, instance:com.testScripts_mjunction.TC_EPS_PO_02UserDefinedApprovalTest@667a738]" name="afterClass" is-config="true" duration-ms="8516" started-at="2024-02-05T12:06:21 IST" finished-at="2024-02-05T12:06:30 IST">
          <reporter-output>
          </reporter-output>
        </test-method> <!-- afterClass -->
        <test-method status="PASS" signature="afterSuite()[pri:0, instance:com.testScripts_mjunction.TC_EPS_PO_02UserDefinedApprovalTest@667a738]" name="afterSuite" is-config="true" duration-ms="54" started-at="2024-02-05T12:06:30 IST" finished-at="2024-02-05T12:06:30 IST">
          <reporter-output>
          </reporter-output>
        </test-method> <!-- afterSuite -->
      </class> <!-- com.testScripts_mjunction.TC_EPS_PO_02UserDefinedApprovalTest -->
>>>>>>> 94c02cb56a03c648b9f2ca4ea3c8abe30066a468
    </test> <!-- Test -->
  </suite> <!-- Suite -->
</testng-results>
