<?xml version="1.0" encoding="UTF-8"?>
<!-- Generated by org.testng.reporters.JUnitReportReporter -->
<testsuite skipped="0" hostname="MJLT-1411" name="com.testScripts_mjunction.TC_Evaluation_14_Openingapproval_Y_Evaluationapproval_N_RejectOnebidder" tests="1" failures="1" timestamp="13 Jan 2021 14:19:57 GMT" time="2859.206" errors="0">
  <testcase name="Tender_Evaluation_with_OpeningApproval_Y_Evaluationapproval_N_RejectOnebidder" time="2859.206" classname="com.testScripts_mjunction.TC_Evaluation_14_Openingapproval_Y_Evaluationapproval_N_RejectOnebidder">
    <failure type="java.lang.AssertionError" message="Error Message : Unable to click on the field : element click intercepted: Element &lt;input id=&quot;allCheckID&quot; type=&quot;checkbox&quot; ng-model=&quot;checkALLDecryptFlag.checkAllBidderF&quot; ng-disabled=&quot;decryptableBidCount == 0 || isCancelledTender&quot; ng-click=&quot;checkAllBidderForDecryption()&quot; class=&quot;ng-pristine ng-untouched ng-valid ng-empty&quot;&gt; is not clickable at point (90, 254). Other element would receive the click: &lt;div id=&quot;overlay&quot;&gt;&lt;/div&gt;
  (Session info: chrome=87.0.4280.141)
Build info: version: &#039;3.141.59&#039;, revision: &#039;e82be7d358&#039;, time: &#039;2018-11-14T08:17:03&#039;
System info: host: &#039;MJLT-1411&#039;, ip: &#039;192.168.0.103&#039;, os.name: &#039;Windows 10&#039;, os.arch: &#039;amd64&#039;, os.version: &#039;10.0&#039;, java.version: &#039;1.8.0_241&#039;
Driver info: org.openqa.selenium.chrome.ChromeDriver
Capabilities {acceptInsecureCerts: false, browserName: chrome, browserVersion: 87.0.4280.141, chrome: {chromedriverVersion: 87.0.4280.88 (89e2380a3e36c..., userDataDir: C:\Users\SNEHAS~1.MUK\AppDa...}, goog:chromeOptions: {debuggerAddress: localhost:57834}, javascriptEnabled: true, networkConnectionEnabled: false, pageLoadStrategy: normal, platform: WINDOWS, platformName: WINDOWS, proxy: Proxy(), setWindowRect: true, strictFileInteractability: false, timeouts: {implicit: 0, pageLoad: 300000, script: 30000}, unhandledPromptBehavior: dismiss and notify, webauthn:virtualAuthenticators: true}
Session ID: b83f2932f66cf810ba68ea47dfb1951d">
      <![CDATA[java.lang.AssertionError: Error Message : Unable to click on the field : element click intercepted: Element <input id="allCheckID" type="checkbox" ng-model="checkALLDecryptFlag.checkAllBidderF" ng-disabled="decryptableBidCount == 0 || isCancelledTender" ng-click="checkAllBidderForDecryption()" class="ng-pristine ng-untouched ng-valid ng-empty"> is not clickable at point (90, 254). Other element would receive the click: <div id="overlay"></div>
  (Session info: chrome=87.0.4280.141)
Build info: version: '3.141.59', revision: 'e82be7d358', time: '2018-11-14T08:17:03'
System info: host: 'MJLT-1411', ip: '192.168.0.103', os.name: 'Windows 10', os.arch: 'amd64', os.version: '10.0', java.version: '1.8.0_241'
Driver info: org.openqa.selenium.chrome.ChromeDriver
Capabilities {acceptInsecureCerts: false, browserName: chrome, browserVersion: 87.0.4280.141, chrome: {chromedriverVersion: 87.0.4280.88 (89e2380a3e36c..., userDataDir: C:\Users\SNEHAS~1.MUK\AppDa...}, goog:chromeOptions: {debuggerAddress: localhost:57834}, javascriptEnabled: true, networkConnectionEnabled: false, pageLoadStrategy: normal, platform: WINDOWS, platformName: WINDOWS, proxy: Proxy(), setWindowRect: true, strictFileInteractability: false, timeouts: {implicit: 0, pageLoad: 300000, script: 30000}, unhandledPromptBehavior: dismiss and notify, webauthn:virtualAuthenticators: true}
Session ID: b83f2932f66cf810ba68ea47dfb1951d
at com.baseClasses.AutomationException.<init>(AutomationException.java:11)
at com.baseClasses.BaseClass_Web.click(BaseClass_Web.java:88)
at com.components.eTenderComponent.decryptingTheBidder(eTenderComponent.java:9862)
at com.testScripts_mjunction.TC_Evaluation_14_Openingapproval_Y_Evaluationapproval_N_RejectOnebidder.Tender_Evaluation_with_OpeningApproval_Y_Evaluationapproval_N_RejectOnebidder(TC_Evaluation_14_Openingapproval_Y_Evaluationapproval_N_RejectOnebidder.java:213)
at sun.reflect.NativeMethodAccessorImpl.invoke0(Native Method)
at sun.reflect.NativeMethodAccessorImpl.invoke(Unknown Source)
at sun.reflect.DelegatingMethodAccessorImpl.invoke(Unknown Source)
at java.lang.reflect.Method.invoke(Unknown Source)
at org.testng.internal.MethodInvocationHelper.invokeMethod(MethodInvocationHelper.java:124)
at org.testng.internal.Invoker.invokeMethod(Invoker.java:583)
at org.testng.internal.Invoker.invokeTestMethod(Invoker.java:719)
at org.testng.internal.Invoker.invokeTestMethods(Invoker.java:989)
at org.testng.internal.TestMethodWorker.invokeTestMethods(TestMethodWorker.java:125)
at org.testng.internal.TestMethodWorker.run(TestMethodWorker.java:109)
at org.testng.TestRunner.privateRun(TestRunner.java:648)
at org.testng.TestRunner.run(TestRunner.java:505)
at org.testng.SuiteRunner.runTest(SuiteRunner.java:455)
at org.testng.SuiteRunner.runSequentially(SuiteRunner.java:450)
at org.testng.SuiteRunner.privateRun(SuiteRunner.java:415)
at org.testng.SuiteRunner.run(SuiteRunner.java:364)
at org.testng.SuiteRunnerWorker.runSuite(SuiteRunnerWorker.java:52)
at org.testng.SuiteRunnerWorker.run(SuiteRunnerWorker.java:84)
at org.testng.TestNG.runSuitesSequentially(TestNG.java:1208)
at org.testng.TestNG.runSuitesLocally(TestNG.java:1137)
at org.testng.TestNG.runSuites(TestNG.java:1049)
at org.testng.TestNG.run(TestNG.java:1017)
at org.testng.remote.AbstractRemoteTestNG.run(AbstractRemoteTestNG.java:114)
at org.testng.remote.RemoteTestNG.initAndRun(RemoteTestNG.java:251)
at org.testng.remote.RemoteTestNG.main(RemoteTestNG.java:77)
]]>
    </failure>
  </testcase> <!-- Tender_Evaluation_with_OpeningApproval_Y_Evaluationapproval_N_RejectOnebidder -->
</testsuite> <!-- com.testScripts_mjunction.TC_Evaluation_14_Openingapproval_Y_Evaluationapproval_N_RejectOnebidder -->
