<?xml version="1.0" encoding="UTF-8"?>
<!-- Generated by org.testng.reporters.JUnitReportReporter -->
<testsuite skipped="0" hostname="MJLT-1553" name="com.testScripts_mjunction.TG1_TC_EPS_PO_From_Indent_E2E" tests="1" failures="1" timestamp="2024-04-19T10:31:49 IST" time="191.588" errors="0">
  <testcase name="f" time="191.588" classname="com.testScripts_mjunction.TG1_TC_EPS_PO_From_Indent_E2E">
    <failure type="java.lang.AssertionError" message="Error Message : Unable to click on the field : element click intercepted: Element &lt;button data-bs-toggle=&quot;tab&quot; type=&quot;button&quot; role=&quot;tab&quot; aria-selected=&quot;true&quot; class=&quot;nav-link creationTabCls ng-star-inserted&quot; id=&quot;rdcis_other_info_final-tab&quot; data-bs-target=&quot;#_rdcis_other_info_final&quot; aria-controls=&quot;_rdcis_other_info_final&quot;&gt;...&lt;/button&gt; is not clickable at point (362, 205). Other element would receive the click: &lt;div _ngcontent-jyj-c62=&quot;&quot; class=&quot;ngx-overlay foreground-closing fast-closing&quot; style=&quot;background-color: rgba(40, 40, 40, 0.8); border-radius: 0px;&quot;&gt;...&lt;/div&gt;
  (Session info: chrome=123.0.6312.123)
Build info: version: &#039;3.141.59&#039;, revision: &#039;e82be7d358&#039;, time: &#039;2018-11-14T08:17:03&#039;
System info: host: &#039;MJLT-1553&#039;, ip: &#039;172.16.16.136&#039;, os.name: &#039;Windows 10&#039;, os.arch: &#039;amd64&#039;, os.version: &#039;10.0&#039;, java.version: &#039;1.8.0_192&#039;
Driver info: org.openqa.selenium.chrome.ChromeDriver
Capabilities {acceptInsecureCerts: false, browserName: chrome, browserVersion: 123.0.6312.123, chrome: {chromedriverVersion: 123.0.6312.58 (6b4b19e9dfbb..., userDataDir: C:\Users\SOURAV~1.DUT\AppDa...}, fedcm:accounts: true, goog:chromeOptions: {debuggerAddress: localhost:65281}, javascriptEnabled: true, networkConnectionEnabled: false, pageLoadStrategy: normal, platform: WINDOWS, platformName: WINDOWS, proxy: Proxy(), setWindowRect: true, strictFileInteractability: false, timeouts: {implicit: 0, pageLoad: 300000, script: 30000}, unhandledPromptBehavior: dismiss and notify, webauthn:extension:credBlob: true, webauthn:extension:largeBlob: true, webauthn:extension:minPinLength: true, webauthn:extension:prf: true, webauthn:virtualAuthenticators: true}
Session ID: 07d0e4cfc40312bd1422adc9939f3fe1">
      <![CDATA[java.lang.AssertionError: Error Message : Unable to click on the field : element click intercepted: Element <button data-bs-toggle="tab" type="button" role="tab" aria-selected="true" class="nav-link creationTabCls ng-star-inserted" id="rdcis_other_info_final-tab" data-bs-target="#_rdcis_other_info_final" aria-controls="_rdcis_other_info_final">...</button> is not clickable at point (362, 205). Other element would receive the click: <div _ngcontent-jyj-c62="" class="ngx-overlay foreground-closing fast-closing" style="background-color: rgba(40, 40, 40, 0.8); border-radius: 0px;">...</div>
  (Session info: chrome=123.0.6312.123)
Build info: version: '3.141.59', revision: 'e82be7d358', time: '2018-11-14T08:17:03'
System info: host: 'MJLT-1553', ip: '172.16.16.136', os.name: 'Windows 10', os.arch: 'amd64', os.version: '10.0', java.version: '1.8.0_192'
Driver info: org.openqa.selenium.chrome.ChromeDriver
Capabilities {acceptInsecureCerts: false, browserName: chrome, browserVersion: 123.0.6312.123, chrome: {chromedriverVersion: 123.0.6312.58 (6b4b19e9dfbb..., userDataDir: C:\Users\SOURAV~1.DUT\AppDa...}, fedcm:accounts: true, goog:chromeOptions: {debuggerAddress: localhost:65281}, javascriptEnabled: true, networkConnectionEnabled: false, pageLoadStrategy: normal, platform: WINDOWS, platformName: WINDOWS, proxy: Proxy(), setWindowRect: true, strictFileInteractability: false, timeouts: {implicit: 0, pageLoad: 300000, script: 30000}, unhandledPromptBehavior: dismiss and notify, webauthn:extension:credBlob: true, webauthn:extension:largeBlob: true, webauthn:extension:minPinLength: true, webauthn:extension:prf: true, webauthn:virtualAuthenticators: true}
Session ID: 07d0e4cfc40312bd1422adc9939f3fe1
at com.baseClasses.AutomationException.<init>(AutomationException.java:11)
at com.baseClasses.BaseClass_Web.click(BaseClass_Web.java:89)
at com.components.RfqFromIndentComponent.IndentTG1_Other_Information_tabvalidation(RfqFromIndentComponent.java:1536)
at com.testScripts_mjunction.TG1_TC_EPS_PO_From_Indent_E2E.f(TG1_TC_EPS_PO_From_Indent_E2E.java:48)
at sun.reflect.NativeMethodAccessorImpl.invoke0(Native Method)
at sun.reflect.NativeMethodAccessorImpl.invoke(Unknown Source)
at sun.reflect.DelegatingMethodAccessorImpl.invoke(Unknown Source)
at java.lang.reflect.Method.invoke(Unknown Source)
at org.testng.internal.MethodInvocationHelper.invokeMethod(MethodInvocationHelper.java:134)
at org.testng.internal.TestInvoker.invokeMethod(TestInvoker.java:597)
at org.testng.internal.TestInvoker.invokeTestMethod(TestInvoker.java:173)
at org.testng.internal.MethodRunner.runInSequence(MethodRunner.java:46)
at org.testng.internal.TestInvoker$MethodInvocationAgent.invoke(TestInvoker.java:816)
at org.testng.internal.TestInvoker.invokeTestMethods(TestInvoker.java:146)
at org.testng.internal.TestMethodWorker.invokeTestMethods(TestMethodWorker.java:146)
at org.testng.internal.TestMethodWorker.run(TestMethodWorker.java:128)
at java.util.ArrayList.forEach(Unknown Source)
at org.testng.TestRunner.privateRun(TestRunner.java:766)
at org.testng.TestRunner.run(TestRunner.java:587)
at org.testng.SuiteRunner.runTest(SuiteRunner.java:384)
at org.testng.SuiteRunner.runSequentially(SuiteRunner.java:378)
at org.testng.SuiteRunner.privateRun(SuiteRunner.java:337)
at org.testng.SuiteRunner.run(SuiteRunner.java:286)
at org.testng.SuiteRunnerWorker.runSuite(SuiteRunnerWorker.java:53)
at org.testng.SuiteRunnerWorker.run(SuiteRunnerWorker.java:96)
at org.testng.TestNG.runSuitesSequentially(TestNG.java:1187)
at org.testng.TestNG.runSuitesLocally(TestNG.java:1109)
at org.testng.TestNG.runSuites(TestNG.java:1039)
at org.testng.TestNG.run(TestNG.java:1007)
at org.testng.remote.AbstractRemoteTestNG.run(AbstractRemoteTestNG.java:115)
at org.testng.remote.RemoteTestNG.initAndRun(RemoteTestNG.java:251)
at org.testng.remote.RemoteTestNG.main(RemoteTestNG.java:77)
]]>
    </failure>
  </testcase> <!-- f -->
  <system-out/>
</testsuite> <!-- com.testScripts_mjunction.TG1_TC_EPS_PO_From_Indent_E2E -->
