<?xml version="1.0" encoding="UTF-8"?>
<!-- Generated by org.testng.reporters.JUnitReportReporter -->
<testsuite skipped="0" hostname="MJLT-1563" name="com.testScripts_mjunction.TG9_TC_Indent_01_Creation_with_approval" tests="1" failures="0" timestamp="2022-12-14T11:10:19 IST" time="6.390" errors="1">
  <testcase name="Indent_creation_with_approval_TG9" time="6.390" classname="com.testScripts_mjunction.TG9_TC_Indent_01_Creation_with_approval">
    <error type="org.openqa.selenium.SessionNotCreatedException" message="session not created: This version of ChromeDriver only supports Chrome version 103
Current browser version is 108.0.5359.100 with binary path C:\Program Files\Google\Chrome\Application\chrome.exe
Build info: version: &#039;3.141.59&#039;, revision: &#039;e82be7d358&#039;, time: &#039;2018-11-14T08:17:03&#039;
System info: host: &#039;MJLT-1563&#039;, ip: &#039;172.16.17.126&#039;, os.name: &#039;Windows 10&#039;, os.arch: &#039;amd64&#039;, os.version: &#039;10.0&#039;, java.version: &#039;1.8.0_351&#039;
Driver info: driver.version: ChromeDriver
remote stacktrace: Backtrace:
	Ordinal0 [0x00C86463+2188387]
	Ordinal0 [0x00C1E461+1762401]
	Ordinal0 [0x00B33D78+802168]
	Ordinal0 [0x00B54E59+937561]
	Ordinal0 [0x00B50A6C+920172]
	Ordinal0 [0x00B4E331+910129]
	Ordinal0 [0x00B81430+1119280]
	Ordinal0 [0x00B8108A+1118346]
	Ordinal0 [0x00B7C5F6+1099254]
	Ordinal0 [0x00B56BE0+945120]
	Ordinal0 [0x00B57AD6+948950]
	GetHandleVerifier [0x00F271F2+2712546]
	GetHandleVerifier [0x00F1886D+2652765]
	GetHandleVerifier [0x00D1002A+520730]
	GetHandleVerifier [0x00D0EE06+516086]
	Ordinal0 [0x00C2468B+1787531]
	Ordinal0 [0x00C28E88+1805960]
	Ordinal0 [0x00C28F75+1806197]
	Ordinal0 [0x00C31DF1+1842673]
	BaseThreadInitThunk [0x7692FEF9+25]
	RtlGetAppContainerNamedObjectPath [0x77227BBE+286]
	RtlGetAppContainerNamedObjectPath [0x77227B8E+238]
">
      <![CDATA[org.openqa.selenium.SessionNotCreatedException: session not created: This version of ChromeDriver only supports Chrome version 103
Current browser version is 108.0.5359.100 with binary path C:\Program Files\Google\Chrome\Application\chrome.exe
Build info: version: '3.141.59', revision: 'e82be7d358', time: '2018-11-14T08:17:03'
System info: host: 'MJLT-1563', ip: '172.16.17.126', os.name: 'Windows 10', os.arch: 'amd64', os.version: '10.0', java.version: '1.8.0_351'
Driver info: driver.version: ChromeDriver
remote stacktrace: Backtrace:
Ordinal0 [0x00C86463+2188387]
Ordinal0 [0x00C1E461+1762401]
Ordinal0 [0x00B33D78+802168]
Ordinal0 [0x00B54E59+937561]
Ordinal0 [0x00B50A6C+920172]
Ordinal0 [0x00B4E331+910129]
Ordinal0 [0x00B81430+1119280]
Ordinal0 [0x00B8108A+1118346]
Ordinal0 [0x00B7C5F6+1099254]
Ordinal0 [0x00B56BE0+945120]
Ordinal0 [0x00B57AD6+948950]
GetHandleVerifier [0x00F271F2+2712546]
GetHandleVerifier [0x00F1886D+2652765]
GetHandleVerifier [0x00D1002A+520730]
GetHandleVerifier [0x00D0EE06+516086]
Ordinal0 [0x00C2468B+1787531]
Ordinal0 [0x00C28E88+1805960]
Ordinal0 [0x00C28F75+1806197]
Ordinal0 [0x00C31DF1+1842673]
BaseThreadInitThunk [0x7692FEF9+25]
RtlGetAppContainerNamedObjectPath [0x77227BBE+286]
RtlGetAppContainerNamedObjectPath [0x77227B8E+238]

at sun.reflect.NativeConstructorAccessorImpl.newInstance0(Native Method)
at sun.reflect.NativeConstructorAccessorImpl.newInstance(Unknown Source)
at sun.reflect.DelegatingConstructorAccessorImpl.newInstance(Unknown Source)
at java.lang.reflect.Constructor.newInstance(Unknown Source)
at org.openqa.selenium.remote.W3CHandshakeResponse.lambda$errorHandler$0(W3CHandshakeResponse.java:62)
at org.openqa.selenium.remote.HandshakeResponse.lambda$getResponseFunction$0(HandshakeResponse.java:30)
at org.openqa.selenium.remote.ProtocolHandshake.lambda$createSession$0(ProtocolHandshake.java:126)
at java.util.stream.ReferencePipeline$3$1.accept(Unknown Source)
at java.util.Spliterators$ArraySpliterator.tryAdvance(Unknown Source)
at java.util.stream.ReferencePipeline.forEachWithCancel(Unknown Source)
at java.util.stream.AbstractPipeline.copyIntoWithCancel(Unknown Source)
at java.util.stream.AbstractPipeline.copyInto(Unknown Source)
at java.util.stream.AbstractPipeline.wrapAndCopyInto(Unknown Source)
at java.util.stream.FindOps$FindOp.evaluateSequential(Unknown Source)
at java.util.stream.AbstractPipeline.evaluate(Unknown Source)
at java.util.stream.ReferencePipeline.findFirst(Unknown Source)
at org.openqa.selenium.remote.ProtocolHandshake.createSession(ProtocolHandshake.java:128)
at org.openqa.selenium.remote.ProtocolHandshake.createSession(ProtocolHandshake.java:74)
at org.openqa.selenium.remote.HttpCommandExecutor.execute(HttpCommandExecutor.java:136)
at org.openqa.selenium.remote.service.DriverCommandExecutor.execute(DriverCommandExecutor.java:83)
at org.openqa.selenium.remote.RemoteWebDriver.execute(RemoteWebDriver.java:552)
at org.openqa.selenium.remote.RemoteWebDriver.startSession(RemoteWebDriver.java:213)
at org.openqa.selenium.remote.RemoteWebDriver.<init>(RemoteWebDriver.java:131)
at org.openqa.selenium.chrome.ChromeDriver.<init>(ChromeDriver.java:181)
at org.openqa.selenium.chrome.ChromeDriver.<init>(ChromeDriver.java:147)
at com.baseClasses.BrowserFactory.openBrowser(BrowserFactory.java:58)
at com.baseClasses.Listener.beforeInvocation(Listener.java:14)
at org.testng.internal.invokers.InvokedMethodListenerInvoker.invokeListener(InvokedMethodListenerInvoker.java:56)
at org.testng.internal.BaseInvoker.runInvokedMethodListeners(BaseInvoker.java:56)
at org.testng.internal.TestInvoker.invokeMethod(TestInvoker.java:573)
at org.testng.internal.TestInvoker.invokeTestMethod(TestInvoker.java:173)
at org.testng.internal.MethodRunner.runInSequence(MethodRunner.java:46)
at org.testng.internal.TestInvoker$MethodInvocationAgent.invoke(TestInvoker.java:824)
at org.testng.internal.TestInvoker.invokeTestMethods(TestInvoker.java:146)
at org.testng.internal.TestMethodWorker.invokeTestMethods(TestMethodWorker.java:146)
at org.testng.internal.TestMethodWorker.run(TestMethodWorker.java:128)
at java.util.ArrayList.forEach(Unknown Source)
at org.testng.TestRunner.privateRun(TestRunner.java:794)
at org.testng.TestRunner.run(TestRunner.java:596)
at org.testng.SuiteRunner.runTest(SuiteRunner.java:377)
at org.testng.SuiteRunner.runSequentially(SuiteRunner.java:371)
at org.testng.SuiteRunner.privateRun(SuiteRunner.java:332)
at org.testng.SuiteRunner.run(SuiteRunner.java:276)
at org.testng.SuiteRunnerWorker.runSuite(SuiteRunnerWorker.java:53)
at org.testng.SuiteRunnerWorker.run(SuiteRunnerWorker.java:96)
at org.testng.TestNG.runSuitesSequentially(TestNG.java:1212)
at org.testng.TestNG.runSuitesLocally(TestNG.java:1134)
at org.testng.TestNG.runSuites(TestNG.java:1063)
at org.testng.TestNG.run(TestNG.java:1031)
at org.testng.remote.AbstractRemoteTestNG.run(AbstractRemoteTestNG.java:115)
at org.testng.remote.RemoteTestNG.initAndRun(RemoteTestNG.java:251)
at org.testng.remote.RemoteTestNG.main(RemoteTestNG.java:77)
]]>
    </error>
  </testcase> <!-- Indent_creation_with_approval_TG9 -->
  <system-out/>
</testsuite> <!-- com.testScripts_mjunction.TG9_TC_Indent_01_Creation_with_approval -->
