<?xml version="1.0" encoding="UTF-8"?>
<!-- Generated by org.testng.reporters.JUnitReportReporter -->
<<<<<<< HEAD
<testsuite skipped="0" hostname="MJLT-2643" name="com.Dynamicity.CreateFreshTender_BidSubmission_Dynamically" tests="1" failures="0" timestamp="2024-11-19T15:53:58 IST" time="4.010" errors="1">
  <testcase name="createTenderFromPR_Dynamically" time="4.010" classname="com.Dynamicity.CreateFreshTender_BidSubmission_Dynamically">
    <error type="org.openqa.selenium.SessionNotCreatedException" message="session not created: This version of ChromeDriver only supports Chrome version 129
Current browser version is 131.0.6778.70 with binary path C:\Program Files\Google\Chrome\Application\chrome.exe
Build info: version: &#039;3.141.59&#039;, revision: &#039;e82be7d358&#039;, time: &#039;2018-11-14T08:17:03&#039;
System info: host: &#039;MJLT-2643&#039;, ip: &#039;172.16.16.213&#039;, os.name: &#039;Windows 11&#039;, os.arch: &#039;amd64&#039;, os.version: &#039;10.0&#039;, java.version: &#039;1.8.0_411&#039;
Driver info: driver.version: ChromeDriver
remote stacktrace: 	GetHandleVerifier [0x00007FF6F6E4FDA5+29557]
	(No symbol) [0x00007FF6F6DC2240]
	(No symbol) [0x00007FF6F6C7B6EA]
	(No symbol) [0x00007FF6F6CBDF67]
	(No symbol) [0x00007FF6F6CBCFFB]
	(No symbol) [0x00007FF6F6CB7B1E]
	(No symbol) [0x00007FF6F6CB268E]
	(No symbol) [0x00007FF6F6D032E0]
	(No symbol) [0x00007FF6F6D02970]
	(No symbol) [0x00007FF6F6CF72A3]
	(No symbol) [0x00007FF6F6CC12DF]
	(No symbol) [0x00007FF6F6CC2451]
	GetHandleVerifier [0x00007FF6F717DCBD+3363469]
	GetHandleVerifier [0x00007FF6F71C9B47+3674391]
	GetHandleVerifier [0x00007FF6F71BEAEB+3629243]
	GetHandleVerifier [0x00007FF6F6F0FC66+815670]
	(No symbol) [0x00007FF6F6DCD6EF]
	(No symbol) [0x00007FF6F6DC92B4]
	(No symbol) [0x00007FF6F6DC9450]
	(No symbol) [0x00007FF6F6DB81FF]
	BaseThreadInitThunk [0x00007FFE8B53259D+29]
	RtlUserThreadStart [0x00007FFE8CAAAF38+40]
">
      <![CDATA[org.openqa.selenium.SessionNotCreatedException: session not created: This version of ChromeDriver only supports Chrome version 129
Current browser version is 131.0.6778.70 with binary path C:\Program Files\Google\Chrome\Application\chrome.exe
Build info: version: '3.141.59', revision: 'e82be7d358', time: '2018-11-14T08:17:03'
System info: host: 'MJLT-2643', ip: '172.16.16.213', os.name: 'Windows 11', os.arch: 'amd64', os.version: '10.0', java.version: '1.8.0_411'
Driver info: driver.version: ChromeDriver
remote stacktrace: GetHandleVerifier [0x00007FF6F6E4FDA5+29557]
(No symbol) [0x00007FF6F6DC2240]
(No symbol) [0x00007FF6F6C7B6EA]
(No symbol) [0x00007FF6F6CBDF67]
(No symbol) [0x00007FF6F6CBCFFB]
(No symbol) [0x00007FF6F6CB7B1E]
(No symbol) [0x00007FF6F6CB268E]
(No symbol) [0x00007FF6F6D032E0]
(No symbol) [0x00007FF6F6D02970]
(No symbol) [0x00007FF6F6CF72A3]
(No symbol) [0x00007FF6F6CC12DF]
(No symbol) [0x00007FF6F6CC2451]
GetHandleVerifier [0x00007FF6F717DCBD+3363469]
GetHandleVerifier [0x00007FF6F71C9B47+3674391]
GetHandleVerifier [0x00007FF6F71BEAEB+3629243]
GetHandleVerifier [0x00007FF6F6F0FC66+815670]
(No symbol) [0x00007FF6F6DCD6EF]
(No symbol) [0x00007FF6F6DC92B4]
(No symbol) [0x00007FF6F6DC9450]
(No symbol) [0x00007FF6F6DB81FF]
BaseThreadInitThunk [0x00007FFE8B53259D+29]
RtlUserThreadStart [0x00007FFE8CAAAF38+40]

at sun.reflect.NativeConstructorAccessorImpl.newInstance0(Native Method)
at sun.reflect.NativeConstructorAccessorImpl.newInstance(Unknown Source)
at sun.reflect.DelegatingConstructorAccessorImpl.newInstance(Unknown Source)
at java.lang.reflect.Constructor.newInstance(Unknown Source)
at org.openqa.selenium.remote.W3CHandshakeResponse.lambda$errorHandler$0(W3CHandshakeResponse.java:62)
at org.openqa.selenium.remote.HandshakeResponse.lambda$getResponseFunction$0(HandshakeResponse.java:30)
at org.openqa.selenium.remote.ProtocolHandshake.lambda$createSession$0(ProtocolHandshake.java:126)
at java.util.stream.ReferencePipeline$3$1.accept(Unknown Source)
at java.util.Spliterators$ArraySpliterator.tryAdvance(Unknown Source)
at java.util.stream.ReferencePipeline.forEachWithCancel(Unknown Source)
at java.util.stream.AbstractPipeline.copyIntoWithCancel(Unknown Source)
at java.util.stream.AbstractPipeline.copyInto(Unknown Source)
at java.util.stream.AbstractPipeline.wrapAndCopyInto(Unknown Source)
at java.util.stream.FindOps$FindOp.evaluateSequential(Unknown Source)
at java.util.stream.AbstractPipeline.evaluate(Unknown Source)
at java.util.stream.ReferencePipeline.findFirst(Unknown Source)
at org.openqa.selenium.remote.ProtocolHandshake.createSession(ProtocolHandshake.java:128)
at org.openqa.selenium.remote.ProtocolHandshake.createSession(ProtocolHandshake.java:74)
at org.openqa.selenium.remote.HttpCommandExecutor.execute(HttpCommandExecutor.java:136)
at org.openqa.selenium.remote.service.DriverCommandExecutor.execute(DriverCommandExecutor.java:83)
at org.openqa.selenium.remote.RemoteWebDriver.execute(RemoteWebDriver.java:552)
at org.openqa.selenium.remote.RemoteWebDriver.startSession(RemoteWebDriver.java:213)
at org.openqa.selenium.remote.RemoteWebDriver.<init>(RemoteWebDriver.java:131)
at org.openqa.selenium.chrome.ChromeDriver.<init>(ChromeDriver.java:181)
at org.openqa.selenium.chrome.ChromeDriver.<init>(ChromeDriver.java:147)
at com.baseClasses.BrowserFactory.openBrowser(BrowserFactory.java:58)
at com.baseClasses.Listener.beforeInvocation(Listener.java:13)
at org.testng.internal.invokers.InvokedMethodListenerInvoker.invokeListener(InvokedMethodListenerInvoker.java:56)
at org.testng.internal.BaseInvoker.runInvokedMethodListeners(BaseInvoker.java:55)
at org.testng.internal.TestInvoker.invokeMethod(TestInvoker.java:574)
at org.testng.internal.TestInvoker.invokeTestMethod(TestInvoker.java:173)
=======
<testsuite skipped="0" hostname="MLJT-2647" name="com.Dynamicity.CreateFreshTender_BidSubmission_Dynamically" tests="1" failures="1" timestamp="2024-11-19T15:26:43 IST" time="8.352" errors="0">
  <testcase name="createTenderFromPR_Dynamically" time="8.352" classname="com.Dynamicity.CreateFreshTender_BidSubmission_Dynamically">
    <failure type="java.lang.AssertionError" message="Error Message : Error in launching the application:unknown error: net::ERR_INTERNET_DISCONNECTED
  (Session info: chrome=131.0.6778.70)
Build info: version: &#039;3.141.59&#039;, revision: &#039;e82be7d358&#039;, time: &#039;2018-11-14T08:17:03&#039;
System info: host: &#039;MLJT-2647&#039;, ip: &#039;127.0.0.1&#039;, os.name: &#039;Windows 11&#039;, os.arch: &#039;amd64&#039;, os.version: &#039;10.0&#039;, java.version: &#039;1.8.0_411&#039;
Driver info: org.openqa.selenium.chrome.ChromeDriver
Capabilities {acceptInsecureCerts: false, browserName: chrome, browserVersion: 131.0.6778.70, chrome: {chromedriverVersion: 131.0.6778.69 (77e2244bbcda..., userDataDir: C:\Users\SOURAV~1.DUT\AppDa...}, fedcm:accounts: true, goog:chromeOptions: {debuggerAddress: localhost:55490}, javascriptEnabled: true, networkConnectionEnabled: false, pageLoadStrategy: normal, platform: WINDOWS, platformName: WINDOWS, proxy: Proxy(), setWindowRect: true, strictFileInteractability: false, timeouts: {implicit: 0, pageLoad: 300000, script: 30000}, unhandledPromptBehavior: dismiss and notify, webauthn:extension:credBlob: true, webauthn:extension:largeBlob: true, webauthn:extension:minPinLength: true, webauthn:extension:prf: true, webauthn:virtualAuthenticators: true}
Session ID: 61985a96c6e2aa09e53efd1bc733cd4d">
      <![CDATA[java.lang.AssertionError: Error Message : Error in launching the application:unknown error: net::ERR_INTERNET_DISCONNECTED
  (Session info: chrome=131.0.6778.70)
Build info: version: '3.141.59', revision: 'e82be7d358', time: '2018-11-14T08:17:03'
System info: host: 'MLJT-2647', ip: '127.0.0.1', os.name: 'Windows 11', os.arch: 'amd64', os.version: '10.0', java.version: '1.8.0_411'
Driver info: org.openqa.selenium.chrome.ChromeDriver
Capabilities {acceptInsecureCerts: false, browserName: chrome, browserVersion: 131.0.6778.70, chrome: {chromedriverVersion: 131.0.6778.69 (77e2244bbcda..., userDataDir: C:\Users\SOURAV~1.DUT\AppDa...}, fedcm:accounts: true, goog:chromeOptions: {debuggerAddress: localhost:55490}, javascriptEnabled: true, networkConnectionEnabled: false, pageLoadStrategy: normal, platform: WINDOWS, platformName: WINDOWS, proxy: Proxy(), setWindowRect: true, strictFileInteractability: false, timeouts: {implicit: 0, pageLoad: 300000, script: 30000}, unhandledPromptBehavior: dismiss and notify, webauthn:extension:credBlob: true, webauthn:extension:largeBlob: true, webauthn:extension:minPinLength: true, webauthn:extension:prf: true, webauthn:virtualAuthenticators: true}
Session ID: 61985a96c6e2aa09e53efd1bc733cd4d
at com.baseClasses.AutomationException.<init>(AutomationException.java:11)
at com.baseClasses.BaseClass_Web.launchapp(BaseClass_Web.java:146)
at com.components.ProductionDefectComponent.openURL(ProductionDefectComponent.java:140)
at com.Dynamicity.CreateFreshTender_BidSubmission_Dynamically.createTenderFromPR_Dynamically(CreateFreshTender_BidSubmission_Dynamically.java:46)
at sun.reflect.NativeMethodAccessorImpl.invoke0(Native Method)
at sun.reflect.NativeMethodAccessorImpl.invoke(Unknown Source)
at sun.reflect.DelegatingMethodAccessorImpl.invoke(Unknown Source)
at java.lang.reflect.Method.invoke(Unknown Source)
at org.testng.internal.MethodInvocationHelper.invokeMethod(MethodInvocationHelper.java:132)
at org.testng.internal.TestInvoker.invokeMethod(TestInvoker.java:599)
at org.testng.internal.TestInvoker.invokeTestMethod(TestInvoker.java:174)
>>>>>>> f2c08e066ee7136ddd6d58803368aee8d9885f92
at org.testng.internal.MethodRunner.runInSequence(MethodRunner.java:46)
at org.testng.internal.TestInvoker$MethodInvocationAgent.invoke(TestInvoker.java:822)
at org.testng.internal.TestInvoker.invokeTestMethods(TestInvoker.java:147)
at org.testng.internal.TestMethodWorker.invokeTestMethods(TestMethodWorker.java:146)
at org.testng.internal.TestMethodWorker.run(TestMethodWorker.java:128)
at java.util.ArrayList.forEach(Unknown Source)
at org.testng.TestRunner.privateRun(TestRunner.java:764)
at org.testng.TestRunner.run(TestRunner.java:585)
at org.testng.SuiteRunner.runTest(SuiteRunner.java:384)
at org.testng.SuiteRunner.runSequentially(SuiteRunner.java:378)
at org.testng.SuiteRunner.privateRun(SuiteRunner.java:337)
at org.testng.SuiteRunner.run(SuiteRunner.java:286)
at org.testng.SuiteRunnerWorker.runSuite(SuiteRunnerWorker.java:53)
at org.testng.SuiteRunnerWorker.run(SuiteRunnerWorker.java:96)
at org.testng.TestNG.runSuitesSequentially(TestNG.java:1218)
at org.testng.TestNG.runSuitesLocally(TestNG.java:1140)
at org.testng.TestNG.runSuites(TestNG.java:1069)
at org.testng.TestNG.run(TestNG.java:1037)
at org.testng.remote.AbstractRemoteTestNG.run(AbstractRemoteTestNG.java:115)
at org.testng.remote.RemoteTestNG.initAndRun(RemoteTestNG.java:251)
at org.testng.remote.RemoteTestNG.main(RemoteTestNG.java:77)
]]>
    </error>
  </testcase> <!-- createTenderFromPR_Dynamically -->
  <system-out/>
</testsuite> <!-- com.Dynamicity.CreateFreshTender_BidSubmission_Dynamically -->
