<?xml version="1.0" encoding="UTF-8"?>
<!-- Generated by org.testng.reporters.JUnitReportReporter -->
<testsuite skipped="0" hostname="MJLT-1563" name="com.testScripts_mjunction.TG1_TC_Evaluation_10_Openingapproval_Y_Evaluationapproval_N" tests="1" failures="0" timestamp="2023-06-07T10:50:41 IST" time="11.723" errors="1">
  <testcase name="Tender_Evaluation_with_OpeningApproval_Y_Evaluationapproval_N" time="11.723" classname="com.testScripts_mjunction.TG1_TC_Evaluation_10_Openingapproval_Y_Evaluationapproval_N">
    <error type="org.openqa.selenium.SessionNotCreatedException" message="session not created: This version of ChromeDriver only supports Chrome version 111
Current browser version is 114.0.5735.110 with binary path C:\Program Files\Google\Chrome\Application\chrome.exe
Build info: version: &#039;3.141.59&#039;, revision: &#039;e82be7d358&#039;, time: &#039;2018-11-14T08:17:03&#039;
System info: host: &#039;MJLT-1563&#039;, ip: &#039;172.16.16.177&#039;, os.name: &#039;Windows 10&#039;, os.arch: &#039;amd64&#039;, os.version: &#039;10.0&#039;, java.version: &#039;1.8.0_351&#039;
Driver info: driver.version: ChromeDriver
remote stacktrace: Backtrace:
	(No symbol) [0x0036E3E3]
	(No symbol) [0x00303B31]
	(No symbol) [0x00214FE8]
	(No symbol) [0x0023517C]
	(No symbol) [0x00230F71]
	(No symbol) [0x0022EF79]
	(No symbol) [0x0026179E]
	(No symbol) [0x0026148C]
	(No symbol) [0x0025AEB6]
	(No symbol) [0x00237178]
	(No symbol) [0x002382DD]
	GetHandleVerifier [0x005E3D32+2505650]
	GetHandleVerifier [0x006192A5+2724133]
	GetHandleVerifier [0x0061DE3C+2743484]
	GetHandleVerifier [0x00415B30+612784]
	(No symbol) [0x0030C852]
	(No symbol) [0x00312128]
	(No symbol) [0x0031220B]
	(No symbol) [0x0031C9EB]
	BaseThreadInitThunk [0x770F00C9+25]
	RtlGetAppContainerNamedObjectPath [0x77737B4E+286]
	RtlGetAppContainerNamedObjectPath [0x77737B1E+238]
">
      <![CDATA[org.openqa.selenium.SessionNotCreatedException: session not created: This version of ChromeDriver only supports Chrome version 111
Current browser version is 114.0.5735.110 with binary path C:\Program Files\Google\Chrome\Application\chrome.exe
Build info: version: '3.141.59', revision: 'e82be7d358', time: '2018-11-14T08:17:03'
System info: host: 'MJLT-1563', ip: '172.16.16.177', os.name: 'Windows 10', os.arch: 'amd64', os.version: '10.0', java.version: '1.8.0_351'
Driver info: driver.version: ChromeDriver
remote stacktrace: Backtrace:
(No symbol) [0x0036E3E3]
(No symbol) [0x00303B31]
(No symbol) [0x00214FE8]
(No symbol) [0x0023517C]
(No symbol) [0x00230F71]
(No symbol) [0x0022EF79]
(No symbol) [0x0026179E]
(No symbol) [0x0026148C]
(No symbol) [0x0025AEB6]
(No symbol) [0x00237178]
(No symbol) [0x002382DD]
GetHandleVerifier [0x005E3D32+2505650]
GetHandleVerifier [0x006192A5+2724133]
GetHandleVerifier [0x0061DE3C+2743484]
GetHandleVerifier [0x00415B30+612784]
(No symbol) [0x0030C852]
(No symbol) [0x00312128]
(No symbol) [0x0031220B]
(No symbol) [0x0031C9EB]
BaseThreadInitThunk [0x770F00C9+25]
RtlGetAppContainerNamedObjectPath [0x77737B4E+286]
RtlGetAppContainerNamedObjectPath [0x77737B1E+238]

at sun.reflect.NativeConstructorAccessorImpl.newInstance0(Native Method)
at sun.reflect.NativeConstructorAccessorImpl.newInstance(Unknown Source)
at sun.reflect.DelegatingConstructorAccessorImpl.newInstance(Unknown Source)
at java.lang.reflect.Constructor.newInstance(Unknown Source)
at org.openqa.selenium.remote.W3CHandshakeResponse.lambda$errorHandler$0(W3CHandshakeResponse.java:62)
at org.openqa.selenium.remote.HandshakeResponse.lambda$getResponseFunction$0(HandshakeResponse.java:30)
at org.openqa.selenium.remote.ProtocolHandshake.lambda$createSession$0(ProtocolHandshake.java:126)
at java.util.stream.ReferencePipeline$3$1.accept(Unknown Source)
at java.util.Spliterators$ArraySpliterator.tryAdvance(Unknown Source)
at java.util.stream.ReferencePipeline.forEachWithCancel(Unknown Source)
at java.util.stream.AbstractPipeline.copyIntoWithCancel(Unknown Source)
at java.util.stream.AbstractPipeline.copyInto(Unknown Source)
at java.util.stream.AbstractPipeline.wrapAndCopyInto(Unknown Source)
at java.util.stream.FindOps$FindOp.evaluateSequential(Unknown Source)
at java.util.stream.AbstractPipeline.evaluate(Unknown Source)
at java.util.stream.ReferencePipeline.findFirst(Unknown Source)
at org.openqa.selenium.remote.ProtocolHandshake.createSession(ProtocolHandshake.java:128)
at org.openqa.selenium.remote.ProtocolHandshake.createSession(ProtocolHandshake.java:74)
at org.openqa.selenium.remote.HttpCommandExecutor.execute(HttpCommandExecutor.java:136)
at org.openqa.selenium.remote.service.DriverCommandExecutor.execute(DriverCommandExecutor.java:83)
at org.openqa.selenium.remote.RemoteWebDriver.execute(RemoteWebDriver.java:552)
at org.openqa.selenium.remote.RemoteWebDriver.startSession(RemoteWebDriver.java:213)
at org.openqa.selenium.remote.RemoteWebDriver.<init>(RemoteWebDriver.java:131)
at org.openqa.selenium.chrome.ChromeDriver.<init>(ChromeDriver.java:181)
at org.openqa.selenium.chrome.ChromeDriver.<init>(ChromeDriver.java:147)
at com.baseClasses.BrowserFactory.openBrowser(BrowserFactory.java:58)
at com.baseClasses.Listener.beforeInvocation(Listener.java:14)
at org.testng.internal.invokers.InvokedMethodListenerInvoker.invokeListener(InvokedMethodListenerInvoker.java:56)
at org.testng.internal.BaseInvoker.runInvokedMethodListeners(BaseInvoker.java:56)
at org.testng.internal.TestInvoker.invokeMethod(TestInvoker.java:573)
at org.testng.internal.TestInvoker.invokeTestMethod(TestInvoker.java:173)
at org.testng.internal.MethodRunner.runInSequence(MethodRunner.java:46)
at org.testng.internal.TestInvoker$MethodInvocationAgent.invoke(TestInvoker.java:824)
at org.testng.internal.TestInvoker.invokeTestMethods(TestInvoker.java:146)
at org.testng.internal.TestMethodWorker.invokeTestMethods(TestMethodWorker.java:146)
at org.testng.internal.TestMethodWorker.run(TestMethodWorker.java:128)
at java.util.ArrayList.forEach(Unknown Source)
at org.testng.TestRunner.privateRun(TestRunner.java:794)
at org.testng.TestRunner.run(TestRunner.java:596)
at org.testng.SuiteRunner.runTest(SuiteRunner.java:377)
at org.testng.SuiteRunner.runSequentially(SuiteRunner.java:371)
at org.testng.SuiteRunner.privateRun(SuiteRunner.java:332)
at org.testng.SuiteRunner.run(SuiteRunner.java:276)
at org.testng.SuiteRunnerWorker.runSuite(SuiteRunnerWorker.java:53)
at org.testng.SuiteRunnerWorker.run(SuiteRunnerWorker.java:96)
at org.testng.TestNG.runSuitesSequentially(TestNG.java:1212)
at org.testng.TestNG.runSuitesLocally(TestNG.java:1134)
at org.testng.TestNG.runSuites(TestNG.java:1063)
at org.testng.TestNG.run(TestNG.java:1031)
at org.testng.remote.AbstractRemoteTestNG.run(AbstractRemoteTestNG.java:115)
at org.testng.remote.RemoteTestNG.initAndRun(RemoteTestNG.java:251)
at org.testng.remote.RemoteTestNG.main(RemoteTestNG.java:77)
]]>
    </error>
  </testcase> <!-- Tender_Evaluation_with_OpeningApproval_Y_Evaluationapproval_N -->
  <system-out/>
</testsuite> <!-- com.testScripts_mjunction.TG1_TC_Evaluation_10_Openingapproval_Y_Evaluationapproval_N -->
