<?xml version="1.0" encoding="UTF-8"?>
<!-- Generated by org.testng.reporters.JUnitReportReporter -->
<testsuite skipped="0" hostname="MJLT-2643" name="com.Dynamicity.BidSubmission_Dynamically_New" tests="1" failures="0" timestamp="2024-11-20T12:21:12 IST" time="5.289" errors="1">
  <testcase name="createEvaluationFromPR_Dynamically" time="5.289" classname="com.Dynamicity.BidSubmission_Dynamically_New">
    <error type="org.openqa.selenium.SessionNotCreatedException" message="session not created: This version of ChromeDriver only supports Chrome version 127
Current browser version is 131.0.6778.86 with binary path C:\Program Files\Google\Chrome\Application\chrome.exe
Build info: version: &#039;3.141.59&#039;, revision: &#039;e82be7d358&#039;, time: &#039;2018-11-14T08:17:03&#039;
System info: host: &#039;MJLT-2643&#039;, ip: &#039;172.16.19.55&#039;, os.name: &#039;Windows 11&#039;, os.arch: &#039;amd64&#039;, os.version: &#039;10.0&#039;, java.version: &#039;1.8.0_411&#039;
Driver info: driver.version: ChromeDriver
remote stacktrace: 	GetHandleVerifier [0x00007FF702799632+30946]
	(No symbol) [0x00007FF70274E3C9]
	(No symbol) [0x00007FF702646FDA]
	(No symbol) [0x00007FF702687341]
	(No symbol) [0x00007FF702686598]
	(No symbol) [0x00007FF70268148D]
	(No symbol) [0x00007FF70267C4FA]
	(No symbol) [0x00007FF7026C78B9]
	(No symbol) [0x00007FF7026C6F20]
	(No symbol) [0x00007FF7026BC813]
	(No symbol) [0x00007FF70268A6E5]
	(No symbol) [0x00007FF70268B021]
	GetHandleVerifier [0x00007FF7028CF83D+1301229]
	GetHandleVerifier [0x00007FF7028DBDB7+1351783]
	GetHandleVerifier [0x00007FF7028D2A03+1313971]
	GetHandleVerifier [0x00007FF7027CDD06+245686]
	(No symbol) [0x00007FF70275758F]
	(No symbol) [0x00007FF702753804]
	(No symbol) [0x00007FF702753992]
	(No symbol) [0x00007FF70274A3EF]
	BaseThreadInitThunk [0x00007FFE60FA259D+29]
	RtlUserThreadStart [0x00007FFE627EAF38+40]
">
      <![CDATA[org.openqa.selenium.SessionNotCreatedException: session not created: This version of ChromeDriver only supports Chrome version 127
Current browser version is 131.0.6778.86 with binary path C:\Program Files\Google\Chrome\Application\chrome.exe
Build info: version: '3.141.59', revision: 'e82be7d358', time: '2018-11-14T08:17:03'
System info: host: 'MJLT-2643', ip: '172.16.19.55', os.name: 'Windows 11', os.arch: 'amd64', os.version: '10.0', java.version: '1.8.0_411'
Driver info: driver.version: ChromeDriver
remote stacktrace: GetHandleVerifier [0x00007FF702799632+30946]
(No symbol) [0x00007FF70274E3C9]
(No symbol) [0x00007FF702646FDA]
(No symbol) [0x00007FF702687341]
(No symbol) [0x00007FF702686598]
(No symbol) [0x00007FF70268148D]
(No symbol) [0x00007FF70267C4FA]
(No symbol) [0x00007FF7026C78B9]
(No symbol) [0x00007FF7026C6F20]
(No symbol) [0x00007FF7026BC813]
(No symbol) [0x00007FF70268A6E5]
(No symbol) [0x00007FF70268B021]
GetHandleVerifier [0x00007FF7028CF83D+1301229]
GetHandleVerifier [0x00007FF7028DBDB7+1351783]
GetHandleVerifier [0x00007FF7028D2A03+1313971]
GetHandleVerifier [0x00007FF7027CDD06+245686]
(No symbol) [0x00007FF70275758F]
(No symbol) [0x00007FF702753804]
(No symbol) [0x00007FF702753992]
(No symbol) [0x00007FF70274A3EF]
BaseThreadInitThunk [0x00007FFE60FA259D+29]
RtlUserThreadStart [0x00007FFE627EAF38+40]

at sun.reflect.NativeConstructorAccessorImpl.newInstance0(Native Method)
at sun.reflect.NativeConstructorAccessorImpl.newInstance(Unknown Source)
at sun.reflect.DelegatingConstructorAccessorImpl.newInstance(Unknown Source)
at java.lang.reflect.Constructor.newInstance(Unknown Source)
at org.openqa.selenium.remote.W3CHandshakeResponse.lambda$errorHandler$0(W3CHandshakeResponse.java:62)
at org.openqa.selenium.remote.HandshakeResponse.lambda$getResponseFunction$0(HandshakeResponse.java:30)
at org.openqa.selenium.remote.ProtocolHandshake.lambda$createSession$0(ProtocolHandshake.java:126)
at java.util.stream.ReferencePipeline$3$1.accept(Unknown Source)
at java.util.Spliterators$ArraySpliterator.tryAdvance(Unknown Source)
at java.util.stream.ReferencePipeline.forEachWithCancel(Unknown Source)
at java.util.stream.AbstractPipeline.copyIntoWithCancel(Unknown Source)
at java.util.stream.AbstractPipeline.copyInto(Unknown Source)
at java.util.stream.AbstractPipeline.wrapAndCopyInto(Unknown Source)
at java.util.stream.FindOps$FindOp.evaluateSequential(Unknown Source)
at java.util.stream.AbstractPipeline.evaluate(Unknown Source)
at java.util.stream.ReferencePipeline.findFirst(Unknown Source)
at org.openqa.selenium.remote.ProtocolHandshake.createSession(ProtocolHandshake.java:128)
at org.openqa.selenium.remote.ProtocolHandshake.createSession(ProtocolHandshake.java:74)
at org.openqa.selenium.remote.HttpCommandExecutor.execute(HttpCommandExecutor.java:136)
at org.openqa.selenium.remote.service.DriverCommandExecutor.execute(DriverCommandExecutor.java:83)
at org.openqa.selenium.remote.RemoteWebDriver.execute(RemoteWebDriver.java:552)
at org.openqa.selenium.remote.RemoteWebDriver.startSession(RemoteWebDriver.java:213)
at org.openqa.selenium.remote.RemoteWebDriver.<init>(RemoteWebDriver.java:131)
at org.openqa.selenium.chrome.ChromeDriver.<init>(ChromeDriver.java:181)
at org.openqa.selenium.chrome.ChromeDriver.<init>(ChromeDriver.java:147)
at com.baseClasses.BrowserFactory.openBrowser(BrowserFactory.java:58)
at com.baseClasses.Listener.beforeInvocation(Listener.java:13)
at org.testng.internal.invokers.InvokedMethodListenerInvoker.invokeListener(InvokedMethodListenerInvoker.java:56)
at org.testng.internal.BaseInvoker.runInvokedMethodListeners(BaseInvoker.java:55)
at org.testng.internal.TestInvoker.invokeMethod(TestInvoker.java:574)
at org.testng.internal.TestInvoker.invokeTestMethod(TestInvoker.java:173)
at org.testng.internal.MethodRunner.runInSequence(MethodRunner.java:46)
at org.testng.internal.TestInvoker$MethodInvocationAgent.invoke(TestInvoker.java:816)
at org.testng.internal.TestInvoker.invokeTestMethods(TestInvoker.java:146)
at org.testng.internal.TestMethodWorker.invokeTestMethods(TestMethodWorker.java:146)
at org.testng.internal.TestMethodWorker.run(TestMethodWorker.java:128)
at java.util.ArrayList.forEach(Unknown Source)
at org.testng.TestRunner.privateRun(TestRunner.java:766)
at org.testng.TestRunner.run(TestRunner.java:587)
at org.testng.SuiteRunner.runTest(SuiteRunner.java:384)
at org.testng.SuiteRunner.runSequentially(SuiteRunner.java:378)
at org.testng.SuiteRunner.privateRun(SuiteRunner.java:337)
at org.testng.SuiteRunner.run(SuiteRunner.java:286)
at org.testng.SuiteRunnerWorker.runSuite(SuiteRunnerWorker.java:53)
at org.testng.SuiteRunnerWorker.run(SuiteRunnerWorker.java:96)
at org.testng.TestNG.runSuitesSequentially(TestNG.java:1187)
at org.testng.TestNG.runSuitesLocally(TestNG.java:1109)
at org.testng.TestNG.runSuites(TestNG.java:1039)
at org.testng.TestNG.run(TestNG.java:1007)
at org.testng.remote.AbstractRemoteTestNG.run(AbstractRemoteTestNG.java:115)
at org.testng.remote.RemoteTestNG.initAndRun(RemoteTestNG.java:251)
at org.testng.remote.RemoteTestNG.main(RemoteTestNG.java:77)
]]>
    </error>
  </testcase> <!-- createEvaluationFromPR_Dynamically -->
  <system-out/>
</testsuite> <!-- com.Dynamicity.BidSubmission_Dynamically_New -->
